<?xml version="1.0" encoding="UTF-8"?>
<!-- Generated by org.testng.reporters.JUnitReportReporter -->
<testsuite skipped="0" hostname="LAPTOP-KSV9NV33" name="leads.Login" tests="1" failures="0" timestamp="26 Jul 2018 17:05:46 GMT" time="13.845" errors="0">
  <testcase name="loginAccesss" time="13.845" classname="leads.Login"/>
</testsuite> <!-- leads.Login -->
