<?xml version="1.0" encoding="UTF-8"?>
<!-- Generated by org.testng.reporters.JUnitReportReporter -->
<testsuite skipped="0" hostname="LAPTOP-KSV9NV33" name="leads.CreateLead" tests="2" failures="0" timestamp="26 Jul 2018 17:08:20 GMT" time="26.527" errors="0">
  <testcase name="loginAccesss" time="10.206" classname="leads.CreateLead"/>
  <testcase name="createLead" time="16.321" classname="leads.CreateLead"/>
</testsuite> <!-- leads.CreateLead -->
