<?xml version="1.0" encoding="UTF-8"?>
<!-- Generated by org.testng.reporters.JUnitReportReporter -->
<testsuite skipped="0" hostname="LAPTOP-KSV9NV33" name="testcase.CreateLead" tests="2" failures="0" timestamp="21 Jul 2018 06:53:26 GMT" time="30.488" errors="0">
  <testcase name="createLead" time="14.807" classname="testcase.CreateLead"/>
  <testcase name="createLead" time="15.681" classname="testcase.CreateLead"/>
</testsuite> <!-- testcase.CreateLead -->
