<?xml version="1.0" encoding="UTF-8"?>
<!-- Generated by org.testng.reporters.JUnitReportReporter -->
<testsuite skipped="0" hostname="LAPTOP-KSV9NV33" name="projectmethods.ProjectMethods" tests="1" failures="0" timestamp="21 Jul 2018 06:31:55 GMT" time="8.030" errors="0">
  <testcase name="login" time="8.030" classname="projectmethods.ProjectMethods"/>
</testsuite> <!-- projectmethods.ProjectMethods -->
