<?xml version="1.0" encoding="UTF-8"?>
<!-- Generated by org.testng.reporters.JUnitReportReporter -->
<testsuite skipped="0" hostname="LAPTOP-KSV9NV33" name="testcase.Contact" tests="1" failures="0" timestamp="21 Jul 2018 06:33:38 GMT" time="30.958" errors="0">
  <testcase name="contact" time="30.958" classname="testcase.Contact"/>
</testsuite> <!-- testcase.Contact -->
