<?xml version="1.0" encoding="UTF-8"?>
<!-- Generated by org.testng.reporters.JUnitReportReporter -->
<testsuite skipped="0" hostname="LAPTOP-KSV9NV33" name="facebook.facebook" tests="1" failures="0" timestamp="03 Aug 2018 17:29:41 GMT" time="8.181" errors="0">
  <testcase name="facebook1" time="8.181" classname="facebook.facebook"/>
</testsuite> <!-- facebook.facebook -->
