<?xml version="1.0" encoding="UTF-8"?>
<!-- Generated by org.testng.reporters.JUnitReportReporter -->
<testsuite skipped="0" hostname="LAPTOP-KSV9NV33" name="testcaseannotations.CreateLead" tests="2" failures="0" timestamp="22 Jul 2018 04:32:46 GMT" time="39.724" errors="0">
  <testcase name="createLead" time="16.310" classname="testcaseannotations.CreateLead"/>
  <testcase name="createLead" time="23.414" classname="testcaseannotations.CreateLead"/>
</testsuite> <!-- testcaseannotations.CreateLead -->
